

============================== 2022-04-13 02:59:49.636605 | 322b026e-827c-43e1-86f8-01c0fcace687 ==============================
02:59:49.636605 [info ] [MainThread]: Running with dbt=1.0.4
02:59:49.636864 [debug] [MainThread]: running dbt with arguments Namespace(record_timing_info=None, debug=None, log_format=None, write_json=None, use_colors=None, printer_width=None, warn_error=None, version_check=None, partial_parse=None, single_threaded=False, use_experimental_parser=None, static_parser=None, profiles_dir='/home/edreilima/.dbt', send_anonymous_usage_stats=None, fail_fast=None, event_buffer_size=None, project_dir=None, profile=None, target=None, vars='{}', log_cache_events=False, project_name='dbt-lab', skip_profile_setup=False, defer=None, state=None, cls=<class 'dbt.task.init.InitTask'>, which='init', rpc_method=None)
02:59:49.636971 [debug] [MainThread]: Tracking: tracking
02:59:49.639176 [debug] [MainThread]: Sending event: {'category': 'dbt', 'action': 'invocation', 'label': 'start', 'context': [<snowplow_tracker.self_describing_json.SelfDescribingJson object at 0x7f6108ca5d30>, <snowplow_tracker.self_describing_json.SelfDescribingJson object at 0x7f6108ca5820>, <snowplow_tracker.self_describing_json.SelfDescribingJson object at 0x7f6108ca5580>]}
03:00:03.569366 [debug] [MainThread]: Starter project path: /home/edreilima/projects/dbt/lib/python3.9/site-packages/dbt/include/starter_project


============================== 2022-04-13 03:12:04.379989 | 1a049f24-d7e6-4b03-95fd-49142ab00b42 ==============================
03:12:04.379989 [info ] [MainThread]: Running with dbt=1.0.4
03:12:04.380253 [debug] [MainThread]: running dbt with arguments Namespace(record_timing_info=None, debug=None, log_format=None, write_json=None, use_colors=None, printer_width=None, warn_error=None, version_check=None, partial_parse=None, single_threaded=False, use_experimental_parser=None, static_parser=None, profiles_dir='/home/edreilima/.dbt', send_anonymous_usage_stats=None, fail_fast=None, event_buffer_size=None, project_dir=None, profile=None, target=None, vars='{}', log_cache_events=False, config_dir=True, defer=None, state=None, cls=<class 'dbt.task.debug.DebugTask'>, which='debug', rpc_method=None)
03:12:04.380340 [debug] [MainThread]: Tracking: tracking
03:12:04.382350 [debug] [MainThread]: Sending event: {'category': 'dbt', 'action': 'invocation', 'label': 'start', 'context': [<snowplow_tracker.self_describing_json.SelfDescribingJson object at 0x7fbe72236af0>, <snowplow_tracker.self_describing_json.SelfDescribingJson object at 0x7fbe72236670>, <snowplow_tracker.self_describing_json.SelfDescribingJson object at 0x7fbe72236190>]}
03:12:04.382713 [info ] [MainThread]: To view your profiles.yml file, run:

xdg-open /home/edreilima/.dbt
03:12:04.382931 [debug] [MainThread]: Sending event: {'category': 'dbt', 'action': 'invocation', 'label': 'end', 'context': [<snowplow_tracker.self_describing_json.SelfDescribingJson object at 0x7fbe722367c0>, <snowplow_tracker.self_describing_json.SelfDescribingJson object at 0x7fbe72236b50>, <snowplow_tracker.self_describing_json.SelfDescribingJson object at 0x7fbe72236a90>]}
03:25:44.614935 [info ] [MainThread]: Profile dbt_lab written to /home/edreilima/.dbt/profiles.yml using target's profile_template.yml and your supplied values. Run 'dbt debug' to validate the connection.
03:25:44.616028 [info ] [MainThread]: 
Your new dbt project "dbt_lab" was created!

For more information on how to configure the profiles.yml file,
please consult the dbt documentation here:

  https://docs.getdbt.com/docs/configure-your-profile

One more thing:

Need help? Don't hesitate to reach out to us via GitHub issues or on Slack:

  https://community.getdbt.com/

Happy modeling!

03:25:44.616610 [debug] [MainThread]: Sending event: {'category': 'dbt', 'action': 'invocation', 'label': 'end', 'context': [<snowplow_tracker.self_describing_json.SelfDescribingJson object at 0x7f61028ccb50>, <snowplow_tracker.self_describing_json.SelfDescribingJson object at 0x7f61092a4d00>, <snowplow_tracker.self_describing_json.SelfDescribingJson object at 0x7f61092a4d90>]}


============================== 2022-04-13 03:26:03.725164 | df2d2c27-cd18-4e7f-9a0e-5e9f61d40180 ==============================
03:26:03.725164 [info ] [MainThread]: Running with dbt=1.0.4
03:26:03.725515 [debug] [MainThread]: running dbt with arguments Namespace(record_timing_info=None, debug=None, log_format=None, write_json=None, use_colors=None, printer_width=None, warn_error=None, version_check=None, partial_parse=None, single_threaded=False, use_experimental_parser=None, static_parser=None, profiles_dir='/home/edreilima/.dbt', send_anonymous_usage_stats=None, fail_fast=None, event_buffer_size=None, project_dir=None, profile=None, target=None, vars='{}', log_cache_events=False, config_dir=True, defer=None, state=None, cls=<class 'dbt.task.debug.DebugTask'>, which='debug', rpc_method=None)
03:26:03.725781 [debug] [MainThread]: Tracking: tracking
03:26:03.729837 [debug] [MainThread]: Sending event: {'category': 'dbt', 'action': 'invocation', 'label': 'start', 'context': [<snowplow_tracker.self_describing_json.SelfDescribingJson object at 0x7f7cbed6a910>, <snowplow_tracker.self_describing_json.SelfDescribingJson object at 0x7f7cbed6a9d0>, <snowplow_tracker.self_describing_json.SelfDescribingJson object at 0x7f7cbed6a970>]}
03:26:03.730521 [info ] [MainThread]: To view your profiles.yml file, run:

xdg-open /home/edreilima/.dbt
03:26:03.730802 [debug] [MainThread]: Sending event: {'category': 'dbt', 'action': 'invocation', 'label': 'end', 'context': [<snowplow_tracker.self_describing_json.SelfDescribingJson object at 0x7f7cbed6aee0>, <snowplow_tracker.self_describing_json.SelfDescribingJson object at 0x7f7cbed6a9a0>, <snowplow_tracker.self_describing_json.SelfDescribingJson object at 0x7f7cbed6af10>]}


============================== 2022-04-13 03:26:38.209942 | 5e59ec7f-6892-4618-9fcb-d93a9387c6fb ==============================
03:26:38.209942 [info ] [MainThread]: Running with dbt=1.0.4
03:26:38.210172 [debug] [MainThread]: running dbt with arguments Namespace(record_timing_info=None, debug=None, log_format=None, write_json=None, use_colors=None, printer_width=None, warn_error=None, version_check=None, partial_parse=None, single_threaded=False, use_experimental_parser=None, static_parser=None, profiles_dir='/home/edreilima/.dbt', send_anonymous_usage_stats=None, fail_fast=None, event_buffer_size=None, project_dir=None, profile=None, target=None, vars='{}', log_cache_events=False, config_dir=False, defer=None, state=None, cls=<class 'dbt.task.debug.DebugTask'>, which='debug', rpc_method=None)
03:26:38.210289 [debug] [MainThread]: Tracking: tracking
03:26:38.212589 [debug] [MainThread]: Sending event: {'category': 'dbt', 'action': 'invocation', 'label': 'start', 'context': [<snowplow_tracker.self_describing_json.SelfDescribingJson object at 0x7fc48d5ce850>, <snowplow_tracker.self_describing_json.SelfDescribingJson object at 0x7fc48d5ce8e0>, <snowplow_tracker.self_describing_json.SelfDescribingJson object at 0x7fc48d5cea00>]}
03:26:38.458157 [debug] [MainThread]: Executing "git --help"
03:26:38.461770 [debug] [MainThread]: STDOUT: "b"usage: git [--version] [--help] [-C <path>] [-c <name>=<value>]\n           [--exec-path[=<path>]] [--html-path] [--man-path] [--info-path]\n           [-p | --paginate | -P | --no-pager] [--no-replace-objects] [--bare]\n           [--git-dir=<path>] [--work-tree=<path>] [--namespace=<name>]\n           <command> [<args>]\n\nThese are common Git commands used in various situations:\n\nstart a working area (see also: git help tutorial)\n   clone             Clone a repository into a new directory\n   init              Create an empty Git repository or reinitialize an existing one\n\nwork on the current change (see also: git help everyday)\n   add               Add file contents to the index\n   mv                Move or rename a file, a directory, or a symlink\n   restore           Restore working tree files\n   rm                Remove files from the working tree and from the index\n   sparse-checkout   Initialize and modify the sparse-checkout\n\nexamine the history and state (see also: git help revisions)\n   bisect            Use binary search to find the commit that introduced a bug\n   diff              Show changes between commits, commit and working tree, etc\n   grep              Print lines matching a pattern\n   log               Show commit logs\n   show              Show various types of objects\n   status            Show the working tree status\n\ngrow, mark and tweak your common history\n   branch            List, create, or delete branches\n   commit            Record changes to the repository\n   merge             Join two or more development histories together\n   rebase            Reapply commits on top of another base tip\n   reset             Reset current HEAD to the specified state\n   switch            Switch branches\n   tag               Create, list, delete or verify a tag object signed with GPG\n\ncollaborate (see also: git help workflows)\n   fetch             Download objects and refs from another repository\n   pull              Fetch from and integrate with another repository or a local branch\n   push              Update remote refs along with associated objects\n\n'git help -a' and 'git help -g' list available subcommands and some\nconcept guides. See 'git help <command>' or 'git help <concept>'\nto read about a specific subcommand or concept.\nSee 'git help git' for an overview of the system.\n""
03:26:38.462100 [debug] [MainThread]: STDERR: "b''"
03:26:38.466114 [debug] [MainThread]: Acquiring new snowflake connection "debug"
03:26:38.466815 [debug] [MainThread]: Using snowflake connection "debug"
03:26:38.466928 [debug] [MainThread]: On debug: select 1 as id
03:26:38.467002 [debug] [MainThread]: Opening a new connection, currently in state init
03:26:40.304374 [debug] [MainThread]: Snowflake adapter: Got an error when attempting to open a snowflake connection. No retries attempted: '250003: Failed to get the response. Hanging? method: post, url: https://tb33062.us-east-2.snowflakecomputing.com:443/session/v1/login-request?request_id=ffc04c2c-8055-4323-b680-6c933781134a&databaseName=analytics&schemaName=dbt&warehouse=transform_wh&roleName=transform_role&request_guid=429ba961-012f-41ee-909f-da4a9faea403'
03:26:40.304576 [debug] [MainThread]: Snowflake adapter: Error running SQL: select 1 as id
03:26:40.304633 [debug] [MainThread]: Snowflake adapter: Rolling back transaction.
03:26:40.304742 [debug] [MainThread]: On debug: No close available on handle
03:26:40.305022 [debug] [MainThread]: Sending event: {'category': 'dbt', 'action': 'invocation', 'label': 'end', 'context': [<snowplow_tracker.self_describing_json.SelfDescribingJson object at 0x7fc485bdd100>, <snowplow_tracker.self_describing_json.SelfDescribingJson object at 0x7fc485bdd130>, <snowplow_tracker.self_describing_json.SelfDescribingJson object at 0x7fc485bddc10>]}
03:26:41.018399 [debug] [MainThread]: Connection 'debug' was properly closed.
